<?xml version="1.0" encoding="UTF-8"?>
<testsuite xmlns:xsi="http://www.w3.org/2001/XMLSchema-instance" xsi:noNamespaceSchemaLocation="https://maven.apache.org/surefire/maven-surefire-plugin/xsd/surefire-test-report-3.0.xsd" version="3.0" name="M10_Activity2.UserServiceTest" time="5.331" tests="6" errors="0" skipped="0" failures="0">
  <properties>
[...]
</properties>
  <testcase name="test1_createUser_success" classname="M10_Activity2.UserServiceTest" time="1.152">
    <system-out><![CDATA[15:04:38.468 [main] INFO org.springframework.test.context.support.AnnotationConfigContextLoaderUtils -- Could not detect default configuration classes for test class [M10_Activity2.UserServiceTest]: UserServiceTest does not declare any static, non-private, non-final, nested classes annotated with @Configuration.
15:04:38.598 [main] INFO org.springframework.boot.test.context.SpringBootTestContextBootstrapper -- Found @SpringBootConfiguration M10_Activity2.TestConfig for test class M10_Activity2.UserServiceTest

  .   ____          _            __ _ _
 /\\ / ___'_ __ _ _(_)_ __  __ _ \ \ \ \
( ( )\___ | '_ | '_| | '_ \/ _` | \ \ \ \
 \\/  ___)| |_)| | | | | || (_| |  ) ) ) )
  '  |____| .__|_| |_|_| |_\__, | / / / /
 =========|_|==============|___/=/_/_/_/

 :: Spring Boot ::                (v3.3.4)

2026-03-26T15:04:39.046+08:00  INFO 24408 --- [           main] M10_Activity2.UserServiceTest            : Starting UserServiceTest using Java 21.0.9 with PID 24408 (started by cjbgo in C:\Java\openlogic-openjdk-21.0.9+10-windows-x64\M10_TESTING)
2026-03-26T15:04:39.049+08:00  INFO 24408 --- [           main] M10_Activity2.UserServiceTest            : No active profile set, falling back to 1 default profile: "default"
2026-03-26T15:04:39.669+08:00  INFO 24408 --- [           main] .s.d.r.c.RepositoryConfigurationDelegate : Bootstrapping Spring Data JPA repositories in DEFAULT mode.
2026-03-26T15:04:39.736+08:00  INFO 24408 --- [           main] .s.d.r.c.RepositoryConfigurationDelegate : Finished Spring Data repository scanning in 57 ms. Found 1 JPA repository interface.
2026-03-26T15:04:40.196+08:00  INFO 24408 --- [           main] o.hibernate.jpa.internal.util.LogHelper  : HHH000204: Processing PersistenceUnitInfo [name: default]
2026-03-26T15:04:40.260+08:00  INFO 24408 --- [           main] org.hibernate.Version                    : HHH000412: Hibernate ORM core version 6.5.3.Final
2026-03-26T15:04:40.297+08:00  INFO 24408 --- [           main] o.h.c.internal.RegionFactoryInitiator    : HHH000026: Second-level cache disabled
2026-03-26T15:04:40.653+08:00  INFO 24408 --- [           main] o.s.o.j.p.SpringPersistenceUnitInfo      : No LoadTimeWeaver setup: ignoring JPA class transformer
2026-03-26T15:04:40.682+08:00  INFO 24408 --- [           main] com.zaxxer.hikari.HikariDataSource       : HikariPool-1 - Starting...
2026-03-26T15:04:40.948+08:00  INFO 24408 --- [           main] com.zaxxer.hikari.pool.HikariPool        : HikariPool-1 - Added connection conn0: url=jdbc:h2:mem:testdb user=SA
2026-03-26T15:04:40.952+08:00  INFO 24408 --- [           main] com.zaxxer.hikari.HikariDataSource       : HikariPool-1 - Start completed.
2026-03-26T15:04:41.828+08:00  INFO 24408 --- [           main] o.h.e.t.j.p.i.JtaPlatformInitiator       : HHH000489: No JTA platform available (set 'hibernate.transaction.jta.platform' to enable JTA platform integration)
2026-03-26T15:04:41.841+08:00 DEBUG 24408 --- [           main] org.hibernate.SQL                        : 
    drop table if exists users cascade 
Hibernate: 
    drop table if exists users cascade 
2026-03-26T15:04:41.848+08:00 DEBUG 24408 --- [           main] org.hibernate.SQL                        : 
    create table users (
        role varchar(255),
        username varchar(255) not null,
        primary key (username)
    )
Hibernate: 
    create table users (
        role varchar(255),
        username varchar(255) not null,
        primary key (username)
    )
2026-03-26T15:04:41.856+08:00  INFO 24408 --- [           main] j.LocalContainerEntityManagerFactoryBean : Initialized JPA EntityManagerFactory for persistence unit 'default'
2026-03-26T15:04:42.370+08:00  INFO 24408 --- [           main] M10_Activity2.UserServiceTest            : Started UserServiceTest in 3.619 seconds (process running for 4.768)
2026-03-26T15:04:43.177+08:00 DEBUG 24408 --- [           main] org.hibernate.SQL                        : 
    select
        u1_0.username,
        u1_0.role 
    from
        users u1_0
Hibernate: 
    select
        u1_0.username,
        u1_0.role 
    from
        users u1_0
2026-03-26T15:04:43.485+08:00 DEBUG 24408 --- [           main] org.hibernate.SQL                        : 
    select
        count(*) 
    from
        users u1_0 
    where
        u1_0.username=?
Hibernate: 
    select
        count(*) 
    from
        users u1_0 
    where
        u1_0.username=?
2026-03-26T15:04:43.487+08:00 TRACE 24408 --- [           main] org.hibernate.orm.jdbc.bind              : binding parameter (1:VARCHAR) <- [john]
2026-03-26T15:04:43.499+08:00 DEBUG 24408 --- [           main] org.hibernate.SQL                        : 
    select
        u1_0.username,
        u1_0.role 
    from
        users u1_0 
    where
        u1_0.username=?
Hibernate: 
    select
        u1_0.username,
        u1_0.role 
    from
        users u1_0 
    where
        u1_0.username=?
2026-03-26T15:04:43.499+08:00 TRACE 24408 --- [           main] org.hibernate.orm.jdbc.bind              : binding parameter (1:VARCHAR) <- [john]
2026-03-26T15:04:43.521+08:00 DEBUG 24408 --- [           main] org.hibernate.SQL                        : 
    insert 
    into
        users
        (role, username) 
    values
        (?, ?)
Hibernate: 
    insert 
    into
        users
        (role, username) 
    values
        (?, ?)
2026-03-26T15:04:43.523+08:00 TRACE 24408 --- [           main] org.hibernate.orm.jdbc.bind              : binding parameter (1:VARCHAR) <- [null]
2026-03-26T15:04:43.523+08:00 TRACE 24408 --- [           main] org.hibernate.orm.jdbc.bind              : binding parameter (2:VARCHAR) <- [john]
2026-03-26T15:04:43.527+08:00 DEBUG 24408 --- [           main] org.hibernate.SQL                        : 
    select
        count(*) 
    from
        users u1_0 
    where
        u1_0.username=?
Hibernate: 
    select
        count(*) 
    from
        users u1_0 
    where
        u1_0.username=?
2026-03-26T15:04:43.527+08:00 TRACE 24408 --- [           main] org.hibernate.orm.jdbc.bind              : binding parameter (1:VARCHAR) <- [john]
]]></system-out>
    <system-err><![CDATA[WARNING: A Java agent has been loaded dynamically (C:\Users\cjbgo\.m2\repository\net\bytebuddy\byte-buddy-agent\1.14.19\byte-buddy-agent-1.14.19.jar)
WARNING: If a serviceability tool is in use, please run with -XX:+EnableDynamicAgentLoading to hide this warning
WARNING: If a serviceability tool is not in use, please run with -Djdk.instrument.traceUsage for more information
WARNING: Dynamic loading of agents will be disallowed by default in a future release
]]></system-err>
  </testcase>
  <testcase name="test2_createUser_duplicateUsername_fails" classname="M10_Activity2.UserServiceTest" time="0.02">
    <system-out><![CDATA[2026-03-26T15:04:43.537+08:00 DEBUG 24408 --- [           main] org.hibernate.SQL                        : 
    select
        u1_0.username,
        u1_0.role 
    from
        users u1_0
Hibernate: 
    select
        u1_0.username,
        u1_0.role 
    from
        users u1_0
2026-03-26T15:04:43.546+08:00 DEBUG 24408 --- [           main] org.hibernate.SQL                        : 
    delete 
    from
        users 
    where
        username=?
Hibernate: 
    delete 
    from
        users 
    where
        username=?
2026-03-26T15:04:43.547+08:00 TRACE 24408 --- [           main] org.hibernate.orm.jdbc.bind              : binding parameter (1:VARCHAR) <- [john]
2026-03-26T15:04:43.549+08:00 DEBUG 24408 --- [           main] org.hibernate.SQL                        : 
    select
        count(*) 
    from
        users u1_0 
    where
        u1_0.username=?
Hibernate: 
    select
        count(*) 
    from
        users u1_0 
    where
        u1_0.username=?
2026-03-26T15:04:43.550+08:00 TRACE 24408 --- [           main] org.hibernate.orm.jdbc.bind              : binding parameter (1:VARCHAR) <- [john]
2026-03-26T15:04:43.550+08:00 DEBUG 24408 --- [           main] org.hibernate.SQL                        : 
    select
        u1_0.username,
        u1_0.role 
    from
        users u1_0 
    where
        u1_0.username=?
Hibernate: 
    select
        u1_0.username,
        u1_0.role 
    from
        users u1_0 
    where
        u1_0.username=?
2026-03-26T15:04:43.551+08:00 TRACE 24408 --- [           main] org.hibernate.orm.jdbc.bind              : binding parameter (1:VARCHAR) <- [john]
2026-03-26T15:04:43.551+08:00 DEBUG 24408 --- [           main] org.hibernate.SQL                        : 
    insert 
    into
        users
        (role, username) 
    values
        (?, ?)
Hibernate: 
    insert 
    into
        users
        (role, username) 
    values
        (?, ?)
2026-03-26T15:04:43.551+08:00 TRACE 24408 --- [           main] org.hibernate.orm.jdbc.bind              : binding parameter (1:VARCHAR) <- [null]
2026-03-26T15:04:43.551+08:00 TRACE 24408 --- [           main] org.hibernate.orm.jdbc.bind              : binding parameter (2:VARCHAR) <- [john]
2026-03-26T15:04:43.552+08:00 DEBUG 24408 --- [           main] org.hibernate.SQL                        : 
    select
        count(*) 
    from
        users u1_0 
    where
        u1_0.username=?
Hibernate: 
    select
        count(*) 
    from
        users u1_0 
    where
        u1_0.username=?
2026-03-26T15:04:43.553+08:00 TRACE 24408 --- [           main] org.hibernate.orm.jdbc.bind              : binding parameter (1:VARCHAR) <- [john]
]]></system-out>
  </testcase>
  <testcase name="test3_isDuplicateUsername_true" classname="M10_Activity2.UserServiceTest" time="0.011">
    <system-out><![CDATA[2026-03-26T15:04:43.558+08:00 DEBUG 24408 --- [           main] org.hibernate.SQL                        : 
    select
        u1_0.username,
        u1_0.role 
    from
        users u1_0
Hibernate: 
    select
        u1_0.username,
        u1_0.role 
    from
        users u1_0
2026-03-26T15:04:43.559+08:00 DEBUG 24408 --- [           main] org.hibernate.SQL                        : 
    delete 
    from
        users 
    where
        username=?
Hibernate: 
    delete 
    from
        users 
    where
        username=?
2026-03-26T15:04:43.560+08:00 TRACE 24408 --- [           main] org.hibernate.orm.jdbc.bind              : binding parameter (1:VARCHAR) <- [john]
2026-03-26T15:04:43.562+08:00 DEBUG 24408 --- [           main] org.hibernate.SQL                        : 
    select
        count(*) 
    from
        users u1_0 
    where
        u1_0.username=?
Hibernate: 
    select
        count(*) 
    from
        users u1_0 
    where
        u1_0.username=?
2026-03-26T15:04:43.562+08:00 TRACE 24408 --- [           main] org.hibernate.orm.jdbc.bind              : binding parameter (1:VARCHAR) <- [john]
2026-03-26T15:04:43.563+08:00 DEBUG 24408 --- [           main] org.hibernate.SQL                        : 
    select
        u1_0.username,
        u1_0.role 
    from
        users u1_0 
    where
        u1_0.username=?
Hibernate: 
    select
        u1_0.username,
        u1_0.role 
    from
        users u1_0 
    where
        u1_0.username=?
2026-03-26T15:04:43.563+08:00 TRACE 24408 --- [           main] org.hibernate.orm.jdbc.bind              : binding parameter (1:VARCHAR) <- [john]
2026-03-26T15:04:43.563+08:00 DEBUG 24408 --- [           main] org.hibernate.SQL                        : 
    insert 
    into
        users
        (role, username) 
    values
        (?, ?)
Hibernate: 
    insert 
    into
        users
        (role, username) 
    values
        (?, ?)
2026-03-26T15:04:43.563+08:00 TRACE 24408 --- [           main] org.hibernate.orm.jdbc.bind              : binding parameter (1:VARCHAR) <- [null]
2026-03-26T15:04:43.563+08:00 TRACE 24408 --- [           main] org.hibernate.orm.jdbc.bind              : binding parameter (2:VARCHAR) <- [john]
2026-03-26T15:04:43.564+08:00 DEBUG 24408 --- [           main] org.hibernate.SQL                        : 
    select
        count(*) 
    from
        users u1_0 
    where
        u1_0.username=?
Hibernate: 
    select
        count(*) 
    from
        users u1_0 
    where
        u1_0.username=?
2026-03-26T15:04:43.565+08:00 TRACE 24408 --- [           main] org.hibernate.orm.jdbc.bind              : binding parameter (1:VARCHAR) <- [john]
]]></system-out>
  </testcase>
  <testcase name="test4_isDuplicateUsername_false" classname="M10_Activity2.UserServiceTest" time="0.007">
    <system-out><![CDATA[2026-03-26T15:04:43.568+08:00 DEBUG 24408 --- [           main] org.hibernate.SQL                        : 
    select
        u1_0.username,
        u1_0.role 
    from
        users u1_0
Hibernate: 
    select
        u1_0.username,
        u1_0.role 
    from
        users u1_0
2026-03-26T15:04:43.569+08:00 DEBUG 24408 --- [           main] org.hibernate.SQL                        : 
    delete 
    from
        users 
    where
        username=?
Hibernate: 
    delete 
    from
        users 
    where
        username=?
2026-03-26T15:04:43.569+08:00 TRACE 24408 --- [           main] org.hibernate.orm.jdbc.bind              : binding parameter (1:VARCHAR) <- [john]
2026-03-26T15:04:43.571+08:00 DEBUG 24408 --- [           main] org.hibernate.SQL                        : 
    select
        count(*) 
    from
        users u1_0 
    where
        u1_0.username=?
Hibernate: 
    select
        count(*) 
    from
        users u1_0 
    where
        u1_0.username=?
2026-03-26T15:04:43.572+08:00 TRACE 24408 --- [           main] org.hibernate.orm.jdbc.bind              : binding parameter (1:VARCHAR) <- [mary]
]]></system-out>
  </testcase>
  <testcase name="test5_assignRole_success" classname="M10_Activity2.UserServiceTest" time="0.025">
    <system-out><![CDATA[2026-03-26T15:04:43.577+08:00 DEBUG 24408 --- [           main] org.hibernate.SQL                        : 
    select
        u1_0.username,
        u1_0.role 
    from
        users u1_0
Hibernate: 
    select
        u1_0.username,
        u1_0.role 
    from
        users u1_0
2026-03-26T15:04:43.580+08:00 DEBUG 24408 --- [           main] org.hibernate.SQL                        : 
    select
        count(*) 
    from
        users u1_0 
    where
        u1_0.username=?
Hibernate: 
    select
        count(*) 
    from
        users u1_0 
    where
        u1_0.username=?
2026-03-26T15:04:43.580+08:00 TRACE 24408 --- [           main] org.hibernate.orm.jdbc.bind              : binding parameter (1:VARCHAR) <- [john]
2026-03-26T15:04:43.580+08:00 DEBUG 24408 --- [           main] org.hibernate.SQL                        : 
    select
        u1_0.username,
        u1_0.role 
    from
        users u1_0 
    where
        u1_0.username=?
Hibernate: 
    select
        u1_0.username,
        u1_0.role 
    from
        users u1_0 
    where
        u1_0.username=?
2026-03-26T15:04:43.580+08:00 TRACE 24408 --- [           main] org.hibernate.orm.jdbc.bind              : binding parameter (1:VARCHAR) <- [john]
2026-03-26T15:04:43.581+08:00 DEBUG 24408 --- [           main] org.hibernate.SQL                        : 
    insert 
    into
        users
        (role, username) 
    values
        (?, ?)
Hibernate: 
    insert 
    into
        users
        (role, username) 
    values
        (?, ?)
2026-03-26T15:04:43.581+08:00 TRACE 24408 --- [           main] org.hibernate.orm.jdbc.bind              : binding parameter (1:VARCHAR) <- [null]
2026-03-26T15:04:43.582+08:00 TRACE 24408 --- [           main] org.hibernate.orm.jdbc.bind              : binding parameter (2:VARCHAR) <- [john]
2026-03-26T15:04:43.584+08:00 DEBUG 24408 --- [           main] org.hibernate.SQL                        : 
    select
        u1_0.username,
        u1_0.role 
    from
        users u1_0 
    where
        u1_0.username=?
Hibernate: 
    select
        u1_0.username,
        u1_0.role 
    from
        users u1_0 
    where
        u1_0.username=?
2026-03-26T15:04:43.585+08:00 TRACE 24408 --- [           main] org.hibernate.orm.jdbc.bind              : binding parameter (1:VARCHAR) <- [john]
2026-03-26T15:04:43.586+08:00 DEBUG 24408 --- [           main] org.hibernate.SQL                        : 
    select
        u1_0.username,
        u1_0.role 
    from
        users u1_0 
    where
        u1_0.username=?
Hibernate: 
    select
        u1_0.username,
        u1_0.role 
    from
        users u1_0 
    where
        u1_0.username=?
2026-03-26T15:04:43.587+08:00 TRACE 24408 --- [           main] org.hibernate.orm.jdbc.bind              : binding parameter (1:VARCHAR) <- [john]
2026-03-26T15:04:43.593+08:00 DEBUG 24408 --- [           main] org.hibernate.SQL                        : 
    update
        users 
    set
        role=? 
    where
        username=?
Hibernate: 
    update
        users 
    set
        role=? 
    where
        username=?
2026-03-26T15:04:43.595+08:00 TRACE 24408 --- [           main] org.hibernate.orm.jdbc.bind              : binding parameter (1:VARCHAR) <- [ADMIN]
2026-03-26T15:04:43.595+08:00 TRACE 24408 --- [           main] org.hibernate.orm.jdbc.bind              : binding parameter (2:VARCHAR) <- [john]
2026-03-26T15:04:43.598+08:00 DEBUG 24408 --- [           main] org.hibernate.SQL                        : 
    select
        u1_0.username,
        u1_0.role 
    from
        users u1_0 
    where
        u1_0.username=?
Hibernate: 
    select
        u1_0.username,
        u1_0.role 
    from
        users u1_0 
    where
        u1_0.username=?
2026-03-26T15:04:43.598+08:00 TRACE 24408 --- [           main] org.hibernate.orm.jdbc.bind              : binding parameter (1:VARCHAR) <- [john]
]]></system-out>
  </testcase>
  <testcase name="test6_assignRole_userNotFound_fails" classname="M10_Activity2.UserServiceTest" time="0.007">
    <system-out><![CDATA[2026-03-26T15:04:43.602+08:00 DEBUG 24408 --- [           main] org.hibernate.SQL                        : 
    select
        u1_0.username,
        u1_0.role 
    from
        users u1_0
Hibernate: 
    select
        u1_0.username,
        u1_0.role 
    from
        users u1_0
2026-03-26T15:04:43.603+08:00 DEBUG 24408 --- [           main] org.hibernate.SQL                        : 
    delete 
    from
        users 
    where
        username=?
Hibernate: 
    delete 
    from
        users 
    where
        username=?
2026-03-26T15:04:43.603+08:00 TRACE 24408 --- [           main] org.hibernate.orm.jdbc.bind              : binding parameter (1:VARCHAR) <- [john]
2026-03-26T15:04:43.605+08:00 DEBUG 24408 --- [           main] org.hibernate.SQL                        : 
    select
        u1_0.username,
        u1_0.role 
    from
        users u1_0 
    where
        u1_0.username=?
Hibernate: 
    select
        u1_0.username,
        u1_0.role 
    from
        users u1_0 
    where
        u1_0.username=?
2026-03-26T15:04:43.606+08:00 TRACE 24408 --- [           main] org.hibernate.orm.jdbc.bind              : binding parameter (1:VARCHAR) <- [ghost]
]]></system-out>
  </testcase>
</testsuite>